readlink("/etc/malloc.conf",0x7fffffffe5d0,1024) ERR#2 'No such file or directory'
issetugid()					 = 0 (0x0)
__sysctl(0x7fffffffe498,0x2,0x7fffffffe4e0,0x7fffffffe4d8,0x9b5c1c,0xd) = 0 (0x0)
__sysctl(0x7fffffffe4e0,0x2,0x7fffffffe58c,0x7fffffffe580,0x0,0x0) = 0 (0x0)
mmap(0x0,2097152,PROT_READ|PROT_WRITE,MAP_PRIVATE|MAP_ANON,-1,0x0) = 34372673536 (0x800c56000)
munmap(0x800c56000,2097152)			 = 0 (0x0)
mmap(0x0,4190208,PROT_READ|PROT_WRITE,MAP_PRIVATE|MAP_ANON,-1,0x0) = 34372673536 (0x800c56000)
munmap(0x800c56000,1744896)			 = 0 (0x0)
munmap(0x801000000,348160)			 = 0 (0x0)
mmap(0x0,2097152,PROT_READ|PROT_WRITE,MAP_PRIVATE|MAP_ANON,-1,0x0) = 34376515584 (0x801000000)
getrlimit(RLIMIT_STACK,{ cur=536870912,max=536870912 }) = 0 (0x0)
__sysctl(0x7fffffffe980,0x2,0x7fffffffe98c,0x7fffffffe978,0x0,0x0) = 0 (0x0)
mmap(0x0,536875008,PROT_READ|PROT_WRITE,MAP_PRIVATE|MAP_ANON,-1,0x0) = 34378612736 (0x801200000)
mprotect(0x801200000,4096,PROT_NONE)		 = 0 (0x0)
__sysctl(0x7fffffffe9a0,0x2,0x7fffffffe98c,0x7fffffffe990,0x0,0x0) = 0 (0x0)
__sysctl(0x7fffffffe970,0x2,0xd46d08,0x7fffffffe988,0x0,0x0) = 0 (0x0)
getrlimit(RLIMIT_STACK,{ cur=536870912,max=536870912 }) = 0 (0x0)
__sysctl(0x7fffffffe888,0x2,0x7fffffffe8d0,0x7fffffffe8c8,0x8c1a01,0xd) = 0 (0x0)
__sysctl(0x7fffffffe8d0,0x3,0xd28df8,0x7fffffffe988,0x0,0x0) = 0 (0x0)
thr_self(0x80101e000)				 = 0 (0x0)
mmap(0x7fffdfffe000,4096,PROT_NONE,MAP_ANON,-1,0x0) = 140736951476224 (0x7fffdfffe000)
rtprio_thread(RTP_LOOKUP,100546,0x7fffffffe948)	 = 0 (0x0)
sigaction(SIGTHR,{ 0x6da0a0 SA_SIGINFO ss_t },0x0) = 0 (0x0)
sigprocmask(SIG_UNBLOCK,{ },0x0)		 = 0 (0x0)
_umtx_op(0x7fffffffe950,UMTX_OP_WAKE,0x1,0x0,0x0) = 0 (0x0)
mprotect(0x0,0,PROT_NONE)			 = 0 (0x0)
getpid()					 = 28246 (0x6e56)
getpid()					 = 28246 (0x6e56)
sigprocmask(SIG_BLOCK,{ SIGHUP|SIGINT|SIGQUIT|SIGILL|SIGTRAP|SIGABRT|SIGEMT|SIGFPE|SIGKILL|SIGBUS|SIGSEGV|SIGSYS|SIGPIPE|SIGALRM|SIGTERM|SIGURG|SIGSTOP|SIGTSTP|SIGCONT|SIGCHLD|SIGTTIN|SIGTTOU|SIGIO|SIGXCPU|SIGXFSZ|SIGVTALRM|SIGPROF|SIGWINCH|SIGINFO|SIGUSR1|SIGUSR2 },{ }) = 0 (0x0)
sigprocmask(SIG_SETMASK,{ },0x0)		 = 0 (0x0)
getcontext(0x7fffffffe350)			 = 0 (0x0)
sysarch(AMD64_GET_XFPUSTATE,0x7fffffffe320)	 = 0 (0x0)
sigprocmask(SIG_SETMASK,{ SIGHUP|SIGINT|SIGQUIT|SIGILL|SIGTRAP|SIGABRT|SIGEMT|SIGFPE|SIGKILL|SIGBUS|SIGSEGV|SIGSYS|SIGPIPE|SIGALRM|SIGTERM|SIGURG|SIGSTOP|SIGTSTP|SIGCONT|SIGCHLD|SIGTTIN|SIGTTOU|SIGIO|SIGXCPU|SIGXFSZ|SIGVTALRM|SIGPROF|SIGWINCH|SIGINFO|SIGUSR1|SIGUSR2 },{ }) = 0 (0x0)
sigaction(SIGINT,{ SIG_IGN SA_RESTART ss_t },{ SIG_DFL SA_RESTART ss_t }) = 0 (0x0)
sigprocmask(SIG_SETMASK,{ },0x0)		 = 0 (0x0)
stat("/usr/share/nls/C/libc.cat",0x7fffffffe138) ERR#2 'No such file or directory'
stat("/usr/share/nls/libc/C",0x7fffffffe138)	 ERR#2 'No such file or directory'
stat("/usr/local/share/nls/C/libc.cat",0x7fffffffe138) ERR#2 'No such file or directory'
stat("/usr/local/share/nls/libc/C",0x7fffffffe138) ERR#2 'No such file or directory'
openat(AT_FDCWD,"/dev/crypto",O_RDWR,00)	 ERR#2 'No such file or directory'
access("/etc/localtime",R_OK)			 = 0 (0x0)
open("/etc/localtime",O_RDONLY,0100251330)	 = 3 (0x3)
fstat(3,{ mode=-r--r--r-- ,inode=20844,size=1003,blksize=4096 }) = 0 (0x0)
read(3,"TZif2\0\0\0\0\0\0\0\0\0\0\0\0\0\0\0\0\0\0\n\0\0\0\n\0\0\0\0\0\0\0003\0\0\0\n\0\0\0\^P\M-*\^Y{\M-\\M-5\M-#\M-o0\^U'}\240\^V\^X\M-2\^P\^W\b\M-1 \^W\M-y\M-e\M^P\^X\M-i\M-d\240\^Y\M-[\^Y\^P\^Z\M-Li\240\^[\M-<v\M-@\^\\M-,g\M-@\^]\M^\X\M-@\^^\M^LI\M-@\^_|:\M-@ l+\M-@!\\\^\\M-@"L\r\M-@#;\M-~\M-@$+\M-o\M-@%\^[\M-`\M-@&\v\M-Q\M-@'\^D\M-}@'\M-t\M-n@(\M-d\M-mP)x\M^UP)\M-T\M-P@*\M-D\M-A@+\M-4\M-2@,\M-$\M-#@-\M^T\M^T@.\M^D\M^E@/tv@0dg@1]\M^R\M-@2rm\M-@3=t\M-@4RO\M-@5\^]V\M-@621\M-@6\M-}8\M-@8\^[N@8\M-]\^Z\M-@9\M-{0@:"...,41448) = 1003 (0x3eb)
close(3)					 = 0 (0x0)
issetugid()					 = 0 (0x0)
open("/usr/share/zoneinfo/posixrules",O_RDONLY,00) = 3 (0x3)
fstat(3,{ mode=-r--r--r-- ,inode=6349,size=3519,blksize=4096 }) = 0 (0x0)
read(3,"TZif2\0\0\0\0\0\0\0\0\0\0\0\0\0\0\0\0\0\0\^D\0\0\0\^D\0\0\0\0\0\0\0\M-k\0\0\0\^D\0\0\0\^P\M^^\M-&\^^p\M^_\M-:\M-k`\240\M^F\0p\M-!\M^Z\M-M`\M-"e\M-bp\M-#\M^C\M-i\M-`\M-$j\M-.p\M-%5\M-'`\M-&S\M-J\M-p\M-'\^U\M^I`\M-(3\M-,\M-p\M-(\M-~\M-%\M-`\M-*\^S\M^N\M-p\M-*\M-^\M^G\M-`\M-+\M-sp\M-p\M-,\M->i\M-`\M--\M-SR\M-p\M-.\M^^K\M-`\M-/\M-34\M-p\M-0~-\M-`\M-1\M^\Qp\M-2gJ`\M-3|3p\M-4G,`\M-5\\\^Up\M-6'\^N`\M-7;\M-wp\M-8\^F\M-p`\M-9\^[\M-Yp\M-9\M-f\M-R`\M-;\^D\M-u\M-p\M-;\M-F\M-4`\M-<\M-d\M-W\M-p\M-=\M-/\M-P\M-`\M->\M-D"...,41448) = 3519 (0xdbf)
close(3)					 = 0 (0x0)
open("./tmp.lua",O_RDONLY,0666)			 = 3 (0x3)
fstat(3,{ mode=-rwxr-xr-x ,inode=870219,size=70,blksize=4096 }) = 0 (0x0)
read(3,"#!/usr/local/bin/lua53\nlano = require 'ple'.main\nlano("/etc/rc.conf")\n",4096) = 70 (0x46)
read(3,0x80104d000,4096)			 = 0 (0x0)
close(3)					 = 0 (0x0)
sigprocmask(SIG_SETMASK,{ SIGHUP|SIGINT|SIGQUIT|SIGILL|SIGTRAP|SIGABRT|SIGEMT|SIGFPE|SIGKILL|SIGBUS|SIGSEGV|SIGSYS|SIGPIPE|SIGALRM|SIGTERM|SIGURG|SIGSTOP|SIGTSTP|SIGCONT|SIGCHLD|SIGTTIN|SIGTTOU|SIGIO|SIGXCPU|SIGXFSZ|SIGVTALRM|SIGPROF|SIGWINCH|SIGINFO|SIGUSR1|SIGUSR2 },{ }) = 0 (0x0)
sigaction(SIGINT,{ 0x6d9f50 SA_RESTART|SA_SIGINFO ss_t },{ SIG_IGN SA_RESTART ss_t }) = 0 (0x0)
sigprocmask(SIG_SETMASK,{ },0x0)		 = 0 (0x0)
open("/lib/ple.lua",O_RDONLY,0666)		 = 3 (0x3)
close(3)					 = 0 (0x0)
open("/lib/ple.lua",O_RDONLY,0666)		 = 3 (0x3)
fstat(3,{ mode=-rw-r--r-- ,inode=525364,size=46291,blksize=46592 }) = 0 (0x0)
read(3,"#!/usr/local/bin/lua53\n-- Copyright (c) 2019  Phil Leblanc  -- see LICENSE file\n\n------------------------------------------------------------------------\n--[[  ple - a Pure Lua Editor\n\neditor actions:\tsee table editor.action\nkey bindings:\tsee table editor.bindings\n\nconfiguration:\nthe editor can be configured / customized with a Lua file loaded at\ninitialization. The configuration file is looked for in sequence at the \nfollowing locations:\n\t- the file which pathname is in the environment vari"...,46592) = 46291 (0xb4d3)
read(3,0x8010c7800,46592)			 = 0 (0x0)
close(3)					 = 0 (0x0)
open("/etc/rc.conf",O_RDONLY,0666)		 = 3 (0x3)
fstat(3,{ mode=-rw-r--r-- ,inode=262185,size=550,blksize=4096 }) = 0 (0x0)
read(3,"clear_tmp_enable="YES"\nsyslogd_flags="-ss"\nsendmail_enable="NONE"\nhostname="KevinPC"\nifconfig_re0="inet 6.6.6.120/24 up"\ndefaultrouter="6.6.6.222"\nifconfig_re0_ipv6="inet6 accept_rtadv"\nlocal_unbound_enable="YES"\nsshd_enable="YES"\nntpd_enable="YES"\n# Set dumpdev to "AUTO" to enable crash dumps, "NO" to disable\ndumpdev="AUTO"\nzfs_enable="YES"\nkeyrate="fast"\ndbus_enable="YES"\nslim_enable="NO"\nvboxdrv_load="YES"\nvboxnet_enable="YES"\ndevfs_system_ruleset="system"\nhald_enable="NO"\nhapld_enabl"...,4096) = 550 (0x226)
read(3,0x80104d000,4096)			 = 0 (0x0)
close(3)					 = 0 (0x0)
ioctl(0,TIOCGETA,0x7fffffffe500)		 = 0 (0x0)
ioctl(0,TIOCSETA,0x7fffffffe4e0)		 = 0 (0x0)
fstat(1,{ mode=crw--w---- ,inode=141,size=0,blksize=4096 }) = 0 (0x0)
ioctl(1,TIOCGETA,0x7fffffffe2e8)		 = 0 (0x0)
open("./ple_init.lua",O_RDONLY,0666)		 ERR#2 'No such file or directory'
open("/root/.config/ple/ple_init.lua",O_RDONLY,0666) ERR#2 'No such file or directory'
write(1,"\^[c\^[[0m\^[[s\^[[999B\^[[999C\^[[6n",25) = 25 (0x19)
fstat(0,{ mode=crw--w---- ,inode=141,size=0,blksize=4096 }) = 0 (0x0)
ioctl(0,TIOCGETA,0x7fffffffbfc8)		 = 0 (0x0)
read(0,"\^[[79;426R",4096)			 = 9 (0x9)
write(1,"\^[[u\^[[0m\^[[1;1H                                                                                                                                                                                                                                                                                                                                                                                                                                          \^[[2;1H                                                           "...,4096) = 4096 (0x1000)
write(1,"                                                                                                                                                                                                                                        \^[[11;1H                                                                                                                                                                                                                                                                               "...,4096) = 4096 (0x1000)
write(1,"                                 \^[[20;1H                                                                                                                                                                                                                                                                                                                                                                                                                                          \^[[21;1H                                   "...,4096) = 4096 (0x1000)
write(1,"                                                                                                                                                                                                                                                                           \^[[30;1H                                                                                                                                                                                                                                            "...,4096) = 4096 (0x1000)
write(1,"                                                                    \^[[39;1H                                                                                                                                                                                                                                                                                                                                                                                                                                          \^[[40;1H"...,4096) = 4096 (0x1000)
write(1,"                                                                                                                                                                                                                                                                                                              \^[[49;1H                                                                                                                                                                                                         "...,4096) = 4096 (0x1000)
write(1,"                                                                                                       \^[[58;1H                                                                                                                                                                                                                                                                                                                                                                                                                "...,4096) = 4096 (0x1000)
write(1,"                                                                                                                                                                                                                                                                                                                                                 \^[[68;1H                                                                                                                                                                      "...,4096) = 4096 (0x1000)
write(1,"                                                                                                                                          \^[[77;1H                                                                                                                                                                                                                                                                                                                                                                             "...,1441) = 1441 (0x5a1)
write(1,"\^[[2;1H                                                                                                                                                                                                                                                                                                                                                                                                                                          \^[[2;1Hclear_tmp_enable="YES"\^[[0m\^[[3;1H                                  "...,4096) = 4096 (0x1000)
write(1,"                                                                              \^[[10;1Hsshd_enable="YES"\^[[0m\^[[11;1H                                                                                                                                                                                                                                                                                                                                                                                                         "...,4096) = 4096 (0x1000)
write(1,"                                                                                                                                                                         \^[[19;1Hvboxnet_enable="YES"\^[[0m\^[[20;1H                                                                                                                                                                                                                                                                                                           "...,4096) = 4096 (0x1000)
write(1,"                                                                                                                                                                                                           \^[[28;1H~\^[[0m\^[[29;1H                                                                                                                                                                                                                                                                                            "...,4096) = 4096 (0x1000)
write(1,"                                                                                                                \^[[37;1H~\^[[0m\^[[38;1H                                                                                                                                                                                                                                                                                                                                                                                       "...,4096) = 4096 (0x1000)
write(1,"                     \^[[46;1H~\^[[0m\^[[47;1H                                                                                                                                                                                                                                                                                                                                                                                                                                          \^[[47;1H~\^[[0m\^[[48;1H               "...,4096) = 4096 (0x1000)
write(1,"                                                                                                                                                                                                                                                                                                                                                                                       \^[[56;1H~\^[[0m\^[[57;1H                                                                                                                "...,4096) = 4096 (0x1000)
write(1,"                                                                                                                                                                                                                                                                                            \^[[65;1H~\^[[0m\^[[66;1H                                                                                                                                                                                                           "...,4096) = 4096 (0x1000)
write(1,"                                                                                                                                                                                                 \^[[74;1H~\^[[0m\^[[75;1H                                                                                                                                                                                                                                                                                                      "...,1985) = 1985 (0x7c1)
write(1,"\^[[1;1H\^[[K\^[[31;1mcur=1,0 [/etc/rc.conf] ()  TAB -- Help: ^X^H ::                                                                                                                                                                                                                                                                                                                                                                                           \^[[0m",446) = 446 (0x1be)
write(1,"\^[[2;1H",6)				 = 6 (0x6)
write(1,"\^[[79;1H\^[[K\^[[0m\^[[32mHelp: F1 or ^X^H or esc-1                                                                                                                                                                                                                                                                                                                                                                                                                 \^[[0m",449) = 449 (0x1c1)
write(1,"\^[[1;1H\^[[K\^[[31;1mcur=1,0 [/etc/rc.conf] ()  TAB -- Help: ^X^H ::                                                                                                                                                                                                                                                                                                                                                                                           \^[[0m",446) = 446 (0x1be)
write(1,"\^[[2;1H",6)				 = 6 (0x6)
read(0,"\^Q",4096)				 = 1 (0x1)
write(1,"\^[[79;1H\^[[K\^[[0m\^[[32m^Q                                                                                                                                                                                                                                                                                                                                                                                                                                        \^[[0m",449) = 449 (0x1c1)
write(1,"\^[[1;1H\^[[K\^[[31;1mcur=1,0 [/etc/rc.conf] ()  TAB -- Help: ^X^H ::                                                                                                                                                                                                                                                                                                                                                                                           \^[[0m",446) = 446 (0x1be)
write(1,"\^[[2;1H",6)				 = 6 (0x6)
write(1,"\^[[?25h\^[[999D\^[[999B\^[[0m",22)	 = 22 (0x16)
ioctl(0,TIOCSETA,0x7fffffffe4e0)		 = 0 (0x0)
write(1,"\n",1)					 = 1 (0x1)
write(1,"\n",1)					 = 1 (0x1)
sigprocmask(SIG_SETMASK,{ SIGHUP|SIGINT|SIGQUIT|SIGILL|SIGTRAP|SIGABRT|SIGEMT|SIGFPE|SIGKILL|SIGBUS|SIGSEGV|SIGSYS|SIGPIPE|SIGALRM|SIGTERM|SIGURG|SIGSTOP|SIGTSTP|SIGCONT|SIGCHLD|SIGTTIN|SIGTTOU|SIGIO|SIGXCPU|SIGXFSZ|SIGVTALRM|SIGPROF|SIGWINCH|SIGINFO|SIGUSR1|SIGUSR2 },{ }) = 0 (0x0)
sigaction(SIGINT,{ SIG_IGN SA_RESTART ss_t },{ 0x6d9f50 SA_RESTART|SA_SIGINFO ss_t }) = 0 (0x0)
sigprocmask(SIG_SETMASK,{ },0x0)		 = 0 (0x0)
exit(0x0)					
process exit, rval = 0
